2025-07-14 02:24:42 [http-nio-8080-exec-10] DEBUG o.s.web.servlet.DispatcherServlet - GET "/api/employees?size=1", parameters={masked}
2025-07-14 02:24:42 [http-nio-8080-exec-10] DEBUG o.s.w.s.m.m.a.RequestMappingHandlerMapping - Mapped to com.dmcdesigns.capstone.Controllers.EmployeeController#getAllEmployees()
2025-07-14 02:24:42 [http-nio-8080-exec-10] DEBUG o.s.w.s.m.m.a.HttpEntityMethodProcessor - Using 'application/json', given [application/json, text/plain, */*] and supported [application/json, application/*+json]
2025-07-14 02:24:42 [http-nio-8080-exec-10] DEBUG o.s.w.s.m.m.a.HttpEntityMethodProcessor - Writing [[Admin{role='Admin', hasAccess=true}, Manager{role='Manager', hasAccess=true, department='ENGINEERIN (truncated)...]
2025-07-14 02:24:42 [http-nio-8080-exec-10] DEBUG o.s.web.servlet.DispatcherServlet - Completed 200 OK
2025-07-14 02:24:42 [http-nio-8080-exec-3] DEBUG o.s.web.servlet.DispatcherServlet - GET "/api/employees?size=1", parameters={masked}
2025-07-14 02:24:42 [http-nio-8080-exec-3] DEBUG o.s.w.s.m.m.a.RequestMappingHandlerMapping - Mapped to com.dmcdesigns.capstone.Controllers.EmployeeController#getAllEmployees()
2025-07-14 02:24:42 [http-nio-8080-exec-3] DEBUG o.s.w.s.m.m.a.HttpEntityMethodProcessor - Using 'application/json', given [application/json, text/plain, */*] and supported [application/json, application/*+json]
2025-07-14 02:24:42 [http-nio-8080-exec-3] DEBUG o.s.w.s.m.m.a.HttpEntityMethodProcessor - Writing [[Admin{role='Admin', hasAccess=true}, Manager{role='Manager', hasAccess=true, department='ENGINEERIN (truncated)...]
2025-07-14 02:24:42 [http-nio-8080-exec-3] DEBUG o.s.web.servlet.DispatcherServlet - Completed 200 OK
2025-07-14 02:24:42 [http-nio-8080-exec-4] DEBUG o.s.web.servlet.DispatcherServlet - GET "/api/projects?size=1", parameters={masked}
2025-07-14 02:24:42 [http-nio-8080-exec-4] DEBUG o.s.w.s.m.m.a.RequestMappingHandlerMapping - Mapped to com.dmcdesigns.capstone.Controllers.ProjectController#getAllProjects()
2025-07-14 02:24:42 [http-nio-8080-exec-4] DEBUG o.s.w.s.m.m.a.HttpEntityMethodProcessor - Using 'application/json', given [application/json, text/plain, */*] and supported [application/json, application/*+json]
2025-07-14 02:24:42 [http-nio-8080-exec-4] DEBUG o.s.w.s.m.m.a.HttpEntityMethodProcessor - Writing [[Project{id=1, name='Customer Portal Redesign', status='ACTIVE', department='ENGINEERING', progressP (truncated)...]
2025-07-14 02:24:42 [http-nio-8080-exec-4] DEBUG o.s.web.servlet.DispatcherServlet - Completed 200 OK
2025-07-14 02:24:42 [http-nio-8080-exec-5] DEBUG o.s.web.servlet.DispatcherServlet - GET "/api/projects?size=1", parameters={masked}
2025-07-14 02:24:42 [http-nio-8080-exec-5] DEBUG o.s.w.s.m.m.a.RequestMappingHandlerMapping - Mapped to com.dmcdesigns.capstone.Controllers.ProjectController#getAllProjects()
2025-07-14 02:24:42 [http-nio-8080-exec-6] DEBUG o.s.web.servlet.DispatcherServlet - GET "/api/projects/status/IN_PROGRESS?size=1", parameters={masked}
2025-07-14 02:24:42 [http-nio-8080-exec-6] DEBUG o.s.w.s.m.m.a.RequestMappingHandlerMapping - Mapped to com.dmcdesigns.capstone.Controllers.ProjectController#getProjectsByStatus(String)
2025-07-14 02:24:42 [http-nio-8080-exec-5] DEBUG o.s.w.s.m.m.a.HttpEntityMethodProcessor - Using 'application/json', given [application/json, text/plain, */*] and supported [application/json, application/*+json]
2025-07-14 02:24:42 [http-nio-8080-exec-5] DEBUG o.s.w.s.m.m.a.HttpEntityMethodProcessor - Writing [[Project{id=1, name='Customer Portal Redesign', status='ACTIVE', department='ENGINEERING', progressP (truncated)...]
2025-07-14 02:24:42 [http-nio-8080-exec-5] DEBUG o.s.web.servlet.DispatcherServlet - Completed 200 OK
2025-07-14 02:24:42 [http-nio-8080-exec-6] DEBUG o.s.w.s.m.m.a.HttpEntityMethodProcessor - Using 'application/json', given [application/json, text/plain, */*] and supported [application/json, application/*+json]
2025-07-14 02:24:42 [http-nio-8080-exec-6] DEBUG o.s.w.s.m.m.a.HttpEntityMethodProcessor - Writing [[]]
2025-07-14 02:24:42 [http-nio-8080-exec-6] DEBUG o.s.web.servlet.DispatcherServlet - Completed 200 OK
2025-07-14 02:24:42 [http-nio-8080-exec-7] DEBUG o.s.web.servlet.DispatcherServlet - GET "/api/projects/status/IN_PROGRESS?size=1", parameters={masked}
2025-07-14 02:24:42 [http-nio-8080-exec-7] DEBUG o.s.w.s.m.m.a.RequestMappingHandlerMapping - Mapped to com.dmcdesigns.capstone.Controllers.ProjectController#getProjectsByStatus(String)
2025-07-14 02:24:42 [http-nio-8080-exec-8] DEBUG o.s.web.servlet.DispatcherServlet - GET "/api/projects/status/COMPLETED?size=1", parameters={masked}
2025-07-14 02:24:42 [http-nio-8080-exec-7] DEBUG o.s.w.s.m.m.a.HttpEntityMethodProcessor - Using 'application/json', given [application/json, text/plain, */*] and supported [application/json, application/*+json]
2025-07-14 02:24:42 [http-nio-8080-exec-7] DEBUG o.s.w.s.m.m.a.HttpEntityMethodProcessor - Writing [[]]
2025-07-14 02:24:42 [http-nio-8080-exec-8] DEBUG o.s.w.s.m.m.a.RequestMappingHandlerMapping - Mapped to com.dmcdesigns.capstone.Controllers.ProjectController#getProjectsByStatus(String)
2025-07-14 02:24:42 [http-nio-8080-exec-7] DEBUG o.s.web.servlet.DispatcherServlet - Completed 200 OK
2025-07-14 02:24:42 [http-nio-8080-exec-8] DEBUG o.s.w.s.m.m.a.HttpEntityMethodProcessor - Using 'application/json', given [application/json, text/plain, */*] and supported [application/json, application/*+json]
2025-07-14 02:24:42 [http-nio-8080-exec-8] DEBUG o.s.w.s.m.m.a.HttpEntityMethodProcessor - Writing [[Project{id=3, name='Data Migration', status='COMPLETED', department='IT', progressPercentage=100}]]
2025-07-14 02:24:42 [http-nio-8080-exec-8] DEBUG o.s.web.servlet.DispatcherServlet - Completed 200 OK
2025-07-14 02:24:42 [http-nio-8080-exec-9] DEBUG o.s.web.servlet.DispatcherServlet - GET "/api/projects/status/COMPLETED?size=1", parameters={masked}
2025-07-14 02:24:42 [http-nio-8080-exec-9] DEBUG o.s.w.s.m.m.a.RequestMappingHandlerMapping - Mapped to com.dmcdesigns.capstone.Controllers.ProjectController#getProjectsByStatus(String)
2025-07-14 02:24:42 [http-nio-8080-exec-1] DEBUG o.s.web.servlet.DispatcherServlet - GET "/api/employees?size=1000", parameters={masked}
2025-07-14 02:24:42 [http-nio-8080-exec-1] DEBUG o.s.w.s.m.m.a.RequestMappingHandlerMapping - Mapped to com.dmcdesigns.capstone.Controllers.EmployeeController#getAllEmployees()
2025-07-14 02:24:42 [http-nio-8080-exec-9] DEBUG o.s.w.s.m.m.a.HttpEntityMethodProcessor - Using 'application/json', given [application/json, text/plain, */*] and supported [application/json, application/*+json]
2025-07-14 02:24:42 [http-nio-8080-exec-9] DEBUG o.s.w.s.m.m.a.HttpEntityMethodProcessor - Writing [[Project{id=3, name='Data Migration', status='COMPLETED', department='IT', progressPercentage=100}]]
2025-07-14 02:24:42 [http-nio-8080-exec-1] DEBUG o.s.w.s.m.m.a.HttpEntityMethodProcessor - Using 'application/json', given [application/json, text/plain, */*] and supported [application/json, application/*+json]
2025-07-14 02:24:42 [http-nio-8080-exec-9] DEBUG o.s.web.servlet.DispatcherServlet - Completed 200 OK
2025-07-14 02:24:42 [http-nio-8080-exec-1] DEBUG o.s.w.s.m.m.a.HttpEntityMethodProcessor - Writing [[Admin{role='Admin', hasAccess=true}, Manager{role='Manager', hasAccess=true, department='ENGINEERIN (truncated)...]
2025-07-14 02:24:42 [http-nio-8080-exec-1] DEBUG o.s.web.servlet.DispatcherServlet - Completed 200 OK
2025-07-14 02:24:42 [http-nio-8080-exec-2] DEBUG o.s.web.servlet.DispatcherServlet - GET "/api/employees?size=1000", parameters={masked}
2025-07-14 02:24:42 [http-nio-8080-exec-2] DEBUG o.s.w.s.m.m.a.RequestMappingHandlerMapping - Mapped to com.dmcdesigns.capstone.Controllers.EmployeeController#getAllEmployees()
2025-07-14 02:24:42 [http-nio-8080-exec-2] DEBUG o.s.w.s.m.m.a.HttpEntityMethodProcessor - Using 'application/json', given [application/json, text/plain, */*] and supported [application/json, application/*+json]
2025-07-14 02:24:42 [http-nio-8080-exec-2] DEBUG o.s.w.s.m.m.a.HttpEntityMethodProcessor - Writing [[Admin{role='Admin', hasAccess=true}, Manager{role='Manager', hasAccess=true, department='ENGINEERIN (truncated)...]
2025-07-14 02:24:42 [http-nio-8080-exec-2] DEBUG o.s.web.servlet.DispatcherServlet - Completed 200 OK
2025-07-14 02:24:48 [http-nio-8080-exec-10] DEBUG o.s.web.servlet.DispatcherServlet - GET "/api/employees/department/ENGINEERING?size=1", parameters={masked}
2025-07-14 02:24:48 [http-nio-8080-exec-7] DEBUG o.s.web.servlet.DispatcherServlet - GET "/api/employees/department/OPERATIONS?size=1", parameters={masked}
2025-07-14 02:24:48 [http-nio-8080-exec-10] DEBUG o.s.w.s.m.m.a.RequestMappingHandlerMapping - Mapped to com.dmcdesigns.capstone.Controllers.EmployeeController#getEmployeesByDepartment(String)
2025-07-14 02:24:48 [http-nio-8080-exec-7] DEBUG o.s.w.s.m.m.a.RequestMappingHandlerMapping - Mapped to com.dmcdesigns.capstone.Controllers.EmployeeController#getEmployeesByDepartment(String)
2025-07-14 02:24:48 [http-nio-8080-exec-3] DEBUG o.s.web.servlet.DispatcherServlet - GET "/api/employees/department/SALES?size=1", parameters={masked}
2025-07-14 02:24:48 [http-nio-8080-exec-3] DEBUG o.s.w.s.m.m.a.RequestMappingHandlerMapping - Mapped to com.dmcdesigns.capstone.Controllers.EmployeeController#getEmployeesByDepartment(String)
2025-07-14 02:24:48 [http-nio-8080-exec-6] DEBUG o.s.web.servlet.DispatcherServlet - GET "/api/employees/department/FINANCE?size=1", parameters={masked}
2025-07-14 02:24:48 [http-nio-8080-exec-4] DEBUG o.s.web.servlet.DispatcherServlet - GET "/api/employees/department/MARKETING?size=1", parameters={masked}
2025-07-14 02:24:48 [http-nio-8080-exec-5] DEBUG o.s.web.servlet.DispatcherServlet - GET "/api/employees/department/HR?size=1", parameters={masked}
2025-07-14 02:24:48 [http-nio-8080-exec-6] DEBUG o.s.w.s.m.m.a.RequestMappingHandlerMapping - Mapped to com.dmcdesigns.capstone.Controllers.EmployeeController#getEmployeesByDepartment(String)
2025-07-14 02:24:48 [http-nio-8080-exec-4] DEBUG o.s.w.s.m.m.a.RequestMappingHandlerMapping - Mapped to com.dmcdesigns.capstone.Controllers.EmployeeController#getEmployeesByDepartment(String)
2025-07-14 02:24:48 [http-nio-8080-exec-5] DEBUG o.s.w.s.m.m.a.RequestMappingHandlerMapping - Mapped to com.dmcdesigns.capstone.Controllers.EmployeeController#getEmployeesByDepartment(String)
2025-07-14 02:24:48 [http-nio-8080-exec-10] DEBUG o.s.w.s.m.m.a.HttpEntityMethodProcessor - Using 'application/json', given [application/json, text/plain, */*] and supported [application/json, application/*+json]
2025-07-14 02:24:48 [http-nio-8080-exec-7] DEBUG o.s.w.s.m.m.a.HttpEntityMethodProcessor - Using 'application/json', given [application/json, text/plain, */*] and supported [application/json, application/*+json]
2025-07-14 02:24:48 [http-nio-8080-exec-3] DEBUG o.s.w.s.m.m.a.HttpEntityMethodProcessor - Using 'application/json', given [application/json, text/plain, */*] and supported [application/json, application/*+json]
2025-07-14 02:24:48 [http-nio-8080-exec-6] DEBUG o.s.w.s.m.m.a.HttpEntityMethodProcessor - Using 'application/json', given [application/json, text/plain, */*] and supported [application/json, application/*+json]
2025-07-14 02:24:48 [http-nio-8080-exec-10] DEBUG o.s.w.s.m.m.a.HttpEntityMethodProcessor - Writing [[Manager{role='Manager', hasAccess=true, department='ENGINEERING'}, Employee{role='Employee', hasAcc (truncated)...]
2025-07-14 02:24:48 [http-nio-8080-exec-4] DEBUG o.s.w.s.m.m.a.HttpEntityMethodProcessor - Using 'application/json', given [application/json, text/plain, */*] and supported [application/json, application/*+json]
2025-07-14 02:24:48 [http-nio-8080-exec-7] DEBUG o.s.w.s.m.m.a.HttpEntityMethodProcessor - Writing [[]]
2025-07-14 02:24:48 [http-nio-8080-exec-5] DEBUG o.s.w.s.m.m.a.HttpEntityMethodProcessor - Using 'application/json', given [application/json, text/plain, */*] and supported [application/json, application/*+json]
2025-07-14 02:24:48 [http-nio-8080-exec-3] DEBUG o.s.w.s.m.m.a.HttpEntityMethodProcessor - Writing [[Manager{role='Manager', hasAccess=true, department='SALES'}, Employee{role='Sales Representative',  (truncated)...]
2025-07-14 02:24:48 [http-nio-8080-exec-6] DEBUG o.s.w.s.m.m.a.HttpEntityMethodProcessor - Writing [[Employee{role='Financial Analyst', hasAccess=false, department='FINANCE'}]]
2025-07-14 02:24:48 [http-nio-8080-exec-4] DEBUG o.s.w.s.m.m.a.HttpEntityMethodProcessor - Writing [[Employee{role='Employee', hasAccess=false, department='MARKETING'}, Employee{role='Marketing Coordi (truncated)...]
2025-07-14 02:24:48 [http-nio-8080-exec-10] DEBUG o.s.web.servlet.DispatcherServlet - Completed 200 OK
2025-07-14 02:24:48 [http-nio-8080-exec-7] DEBUG o.s.web.servlet.DispatcherServlet - Completed 200 OK
2025-07-14 02:24:48 [http-nio-8080-exec-5] DEBUG o.s.w.s.m.m.a.HttpEntityMethodProcessor - Writing [[Admin{role='Admin', hasAccess=true}, Employee{role='HR Generalist', hasAccess=false, department='HR (truncated)...]
2025-07-14 02:24:48 [http-nio-8080-exec-3] DEBUG o.s.web.servlet.DispatcherServlet - Completed 200 OK
2025-07-14 02:24:48 [http-nio-8080-exec-6] DEBUG o.s.web.servlet.DispatcherServlet - Completed 200 OK
2025-07-14 02:24:48 [http-nio-8080-exec-4] DEBUG o.s.web.servlet.DispatcherServlet - Completed 200 OK
2025-07-14 02:24:48 [http-nio-8080-exec-5] DEBUG o.s.web.servlet.DispatcherServlet - Completed 200 OK
2025-07-14 02:24:48 [http-nio-8080-exec-8] DEBUG o.s.web.servlet.DispatcherServlet - GET "/api/employees/department/ENGINEERING?size=1", parameters={masked}
2025-07-14 02:24:48 [http-nio-8080-exec-9] DEBUG o.s.web.servlet.DispatcherServlet - GET "/api/employees/department/OPERATIONS?size=1", parameters={masked}
2025-07-14 02:24:48 [http-nio-8080-exec-8] DEBUG o.s.w.s.m.m.a.RequestMappingHandlerMapping - Mapped to com.dmcdesigns.capstone.Controllers.EmployeeController#getEmployeesByDepartment(String)
2025-07-14 02:24:48 [http-nio-8080-exec-9] DEBUG o.s.w.s.m.m.a.RequestMappingHandlerMapping - Mapped to com.dmcdesigns.capstone.Controllers.EmployeeController#getEmployeesByDepartment(String)
2025-07-14 02:24:48 [http-nio-8080-exec-1] DEBUG o.s.web.servlet.DispatcherServlet - GET "/api/employees/department/SALES?size=1", parameters={masked}
2025-07-14 02:24:48 [http-nio-8080-exec-7] DEBUG o.s.web.servlet.DispatcherServlet - GET "/api/employees/department/HR?size=1", parameters={masked}
2025-07-14 02:24:48 [http-nio-8080-exec-10] DEBUG o.s.web.servlet.DispatcherServlet - GET "/api/employees/department/MARKETING?size=1", parameters={masked}
2025-07-14 02:24:48 [http-nio-8080-exec-1] DEBUG o.s.w.s.m.m.a.RequestMappingHandlerMapping - Mapped to com.dmcdesigns.capstone.Controllers.EmployeeController#getEmployeesByDepartment(String)
2025-07-14 02:24:48 [http-nio-8080-exec-2] DEBUG o.s.web.servlet.DispatcherServlet - GET "/api/employees/department/FINANCE?size=1", parameters={masked}
2025-07-14 02:24:48 [http-nio-8080-exec-7] DEBUG o.s.w.s.m.m.a.RequestMappingHandlerMapping - Mapped to com.dmcdesigns.capstone.Controllers.EmployeeController#getEmployeesByDepartment(String)
2025-07-14 02:24:48 [http-nio-8080-exec-8] DEBUG o.s.w.s.m.m.a.HttpEntityMethodProcessor - Using 'application/json', given [application/json, text/plain, */*] and supported [application/json, application/*+json]
2025-07-14 02:24:48 [http-nio-8080-exec-10] DEBUG o.s.w.s.m.m.a.RequestMappingHandlerMapping - Mapped to com.dmcdesigns.capstone.Controllers.EmployeeController#getEmployeesByDepartment(String)
2025-07-14 02:24:48 [http-nio-8080-exec-9] DEBUG o.s.w.s.m.m.a.HttpEntityMethodProcessor - Using 'application/json', given [application/json, text/plain, */*] and supported [application/json, application/*+json]
2025-07-14 02:24:48 [http-nio-8080-exec-2] DEBUG o.s.w.s.m.m.a.RequestMappingHandlerMapping - Mapped to com.dmcdesigns.capstone.Controllers.EmployeeController#getEmployeesByDepartment(String)
2025-07-14 02:24:48 [http-nio-8080-exec-8] DEBUG o.s.w.s.m.m.a.HttpEntityMethodProcessor - Writing [[Manager{role='Manager', hasAccess=true, department='ENGINEERING'}, Employee{role='Employee', hasAcc (truncated)...]
2025-07-14 02:24:48 [http-nio-8080-exec-1] DEBUG o.s.w.s.m.m.a.HttpEntityMethodProcessor - Using 'application/json', given [application/json, text/plain, */*] and supported [application/json, application/*+json]
2025-07-14 02:24:48 [http-nio-8080-exec-7] DEBUG o.s.w.s.m.m.a.HttpEntityMethodProcessor - Using 'application/json', given [application/json, text/plain, */*] and supported [application/json, application/*+json]
2025-07-14 02:24:48 [http-nio-8080-exec-7] DEBUG o.s.w.s.m.m.a.HttpEntityMethodProcessor - Writing [[Admin{role='Admin', hasAccess=true}, Employee{role='HR Generalist', hasAccess=false, department='HR (truncated)...]
2025-07-14 02:24:48 [http-nio-8080-exec-9] DEBUG o.s.w.s.m.m.a.HttpEntityMethodProcessor - Writing [[]]
2025-07-14 02:24:48 [http-nio-8080-exec-8] DEBUG o.s.web.servlet.DispatcherServlet - Completed 200 OK
2025-07-14 02:24:48 [http-nio-8080-exec-1] DEBUG o.s.w.s.m.m.a.HttpEntityMethodProcessor - Writing [[Manager{role='Manager', hasAccess=true, department='SALES'}, Employee{role='Sales Representative',  (truncated)...]
2025-07-14 02:24:48 [http-nio-8080-exec-10] DEBUG o.s.w.s.m.m.a.HttpEntityMethodProcessor - Using 'application/json', given [application/json, text/plain, */*] and supported [application/json, application/*+json]
2025-07-14 02:24:48 [http-nio-8080-exec-2] DEBUG o.s.w.s.m.m.a.HttpEntityMethodProcessor - Using 'application/json', given [application/json, text/plain, */*] and supported [application/json, application/*+json]
2025-07-14 02:24:48 [http-nio-8080-exec-7] DEBUG o.s.web.servlet.DispatcherServlet - Completed 200 OK
2025-07-14 02:24:48 [http-nio-8080-exec-9] DEBUG o.s.web.servlet.DispatcherServlet - Completed 200 OK
2025-07-14 02:24:48 [http-nio-8080-exec-10] DEBUG o.s.w.s.m.m.a.HttpEntityMethodProcessor - Writing [[Employee{role='Employee', hasAccess=false, department='MARKETING'}, Employee{role='Marketing Coordi (truncated)...]
2025-07-14 02:24:48 [http-nio-8080-exec-1] DEBUG o.s.web.servlet.DispatcherServlet - Completed 200 OK
2025-07-14 02:24:48 [http-nio-8080-exec-2] DEBUG o.s.w.s.m.m.a.HttpEntityMethodProcessor - Writing [[Employee{role='Financial Analyst', hasAccess=false, department='FINANCE'}]]
2025-07-14 02:24:48 [http-nio-8080-exec-10] DEBUG o.s.web.servlet.DispatcherServlet - Completed 200 OK
2025-07-14 02:24:48 [http-nio-8080-exec-2] DEBUG o.s.web.servlet.DispatcherServlet - Completed 200 OK
2025-07-14 02:24:50 [http-nio-8080-exec-3] DEBUG o.s.web.servlet.DispatcherServlet - GET "/api/projects?page=0&size=10", parameters={masked}
2025-07-14 02:24:50 [http-nio-8080-exec-3] DEBUG o.s.w.s.m.m.a.RequestMappingHandlerMapping - Mapped to com.dmcdesigns.capstone.Controllers.ProjectController#getAllProjects()
2025-07-14 02:24:50 [http-nio-8080-exec-3] DEBUG o.s.w.s.m.m.a.HttpEntityMethodProcessor - Using 'application/json', given [application/json, text/plain, */*] and supported [application/json, application/*+json]
2025-07-14 02:24:50 [http-nio-8080-exec-3] DEBUG o.s.w.s.m.m.a.HttpEntityMethodProcessor - Writing [[Project{id=1, name='Customer Portal Redesign', status='ACTIVE', department='ENGINEERING', progressP (truncated)...]
2025-07-14 02:24:50 [http-nio-8080-exec-3] DEBUG o.s.web.servlet.DispatcherServlet - Completed 200 OK
2025-07-14 02:24:50 [http-nio-8080-exec-6] DEBUG o.s.web.servlet.DispatcherServlet - GET "/api/projects?page=0&size=10", parameters={masked}
2025-07-14 02:24:50 [http-nio-8080-exec-6] DEBUG o.s.w.s.m.m.a.RequestMappingHandlerMapping - Mapped to com.dmcdesigns.capstone.Controllers.ProjectController#getAllProjects()
2025-07-14 02:24:50 [http-nio-8080-exec-6] DEBUG o.s.w.s.m.m.a.HttpEntityMethodProcessor - Using 'application/json', given [application/json, text/plain, */*] and supported [application/json, application/*+json]
2025-07-14 02:24:50 [http-nio-8080-exec-6] DEBUG o.s.w.s.m.m.a.HttpEntityMethodProcessor - Writing [[Project{id=1, name='Customer Portal Redesign', status='ACTIVE', department='ENGINEERING', progressP (truncated)...]
2025-07-14 02:24:50 [http-nio-8080-exec-6] DEBUG o.s.web.servlet.DispatcherServlet - Completed 200 OK
2025-07-14 02:24:54 [http-nio-8080-exec-4] DEBUG o.s.web.servlet.DispatcherServlet - GET "/api/employees", parameters={}
2025-07-14 02:24:54 [http-nio-8080-exec-4] DEBUG o.s.w.s.m.m.a.RequestMappingHandlerMapping - Mapped to com.dmcdesigns.capstone.Controllers.EmployeeController#getAllEmployees()
2025-07-14 02:24:54 [http-nio-8080-exec-4] DEBUG o.s.w.s.m.m.a.HttpEntityMethodProcessor - Using 'application/json', given [application/json, text/plain, */*] and supported [application/json, application/*+json]
2025-07-14 02:24:54 [http-nio-8080-exec-4] DEBUG o.s.w.s.m.m.a.HttpEntityMethodProcessor - Writing [[Admin{role='Admin', hasAccess=true}, Manager{role='Manager', hasAccess=true, department='ENGINEERIN (truncated)...]
2025-07-14 02:24:54 [http-nio-8080-exec-4] DEBUG o.s.web.servlet.DispatcherServlet - Completed 200 OK
2025-07-14 02:24:54 [http-nio-8080-exec-5] DEBUG o.s.web.servlet.DispatcherServlet - GET "/api/employees", parameters={}
2025-07-14 02:24:54 [http-nio-8080-exec-5] DEBUG o.s.w.s.m.m.a.RequestMappingHandlerMapping - Mapped to com.dmcdesigns.capstone.Controllers.EmployeeController#getAllEmployees()
2025-07-14 02:24:54 [http-nio-8080-exec-5] DEBUG o.s.w.s.m.m.a.HttpEntityMethodProcessor - Using 'application/json', given [application/json, text/plain, */*] and supported [application/json, application/*+json]
2025-07-14 02:24:54 [http-nio-8080-exec-5] DEBUG o.s.w.s.m.m.a.HttpEntityMethodProcessor - Writing [[Admin{role='Admin', hasAccess=true}, Manager{role='Manager', hasAccess=true, department='ENGINEERIN (truncated)...]
2025-07-14 02:24:54 [http-nio-8080-exec-5] DEBUG o.s.web.servlet.DispatcherServlet - Completed 200 OK
2025-07-14 15:04:20 [http-nio-8080-exec-9] DEBUG o.s.web.servlet.DispatcherServlet - GET "/api/employees?size=1", parameters={masked}
2025-07-14 15:04:20 [http-nio-8080-exec-9] DEBUG o.s.w.s.m.m.a.RequestMappingHandlerMapping - Mapped to com.dmcdesigns.capstone.Controllers.EmployeeController#getAllEmployees()
2025-07-14 15:04:20 [http-nio-8080-exec-9] DEBUG o.s.w.s.m.m.a.HttpEntityMethodProcessor - Using 'application/json', given [application/json, text/plain, */*] and supported [application/json, application/*+json]
2025-07-14 15:04:20 [http-nio-8080-exec-9] DEBUG o.s.w.s.m.m.a.HttpEntityMethodProcessor - Writing [[Admin{role='Admin', hasAccess=true}, Manager{role='Manager', hasAccess=true, department='ENGINEERIN (truncated)...]
2025-07-14 15:04:20 [http-nio-8080-exec-9] DEBUG o.s.web.servlet.DispatcherServlet - Completed 200 OK
2025-07-14 15:04:20 [http-nio-8080-exec-1] DEBUG o.s.web.servlet.DispatcherServlet - GET "/api/employees?size=1", parameters={masked}
2025-07-14 15:04:20 [http-nio-8080-exec-1] DEBUG o.s.w.s.m.m.a.RequestMappingHandlerMapping - Mapped to com.dmcdesigns.capstone.Controllers.EmployeeController#getAllEmployees()
2025-07-14 15:04:20 [http-nio-8080-exec-1] DEBUG o.s.w.s.m.m.a.HttpEntityMethodProcessor - Using 'application/json', given [application/json, text/plain, */*] and supported [application/json, application/*+json]
2025-07-14 15:04:20 [http-nio-8080-exec-1] DEBUG o.s.w.s.m.m.a.HttpEntityMethodProcessor - Writing [[Admin{role='Admin', hasAccess=true}, Manager{role='Manager', hasAccess=true, department='ENGINEERIN (truncated)...]
2025-07-14 15:04:20 [http-nio-8080-exec-1] DEBUG o.s.web.servlet.DispatcherServlet - Completed 200 OK
2025-07-14 15:04:20 [http-nio-8080-exec-10] DEBUG o.s.web.servlet.DispatcherServlet - GET "/api/projects?size=1", parameters={masked}
2025-07-14 15:04:20 [http-nio-8080-exec-10] DEBUG o.s.w.s.m.m.a.RequestMappingHandlerMapping - Mapped to com.dmcdesigns.capstone.Controllers.ProjectController#getAllProjects()
2025-07-14 15:04:20 [http-nio-8080-exec-10] DEBUG o.s.w.s.m.m.a.HttpEntityMethodProcessor - Using 'application/json', given [application/json, text/plain, */*] and supported [application/json, application/*+json]
2025-07-14 15:04:20 [http-nio-8080-exec-10] DEBUG o.s.w.s.m.m.a.HttpEntityMethodProcessor - Writing [[Project{id=1, name='Customer Portal Redesign', status='ACTIVE', department='ENGINEERING', progressP (truncated)...]
2025-07-14 15:04:20 [http-nio-8080-exec-10] DEBUG o.s.web.servlet.DispatcherServlet - Completed 200 OK
2025-07-14 15:04:20 [http-nio-8080-exec-2] DEBUG o.s.web.servlet.DispatcherServlet - GET "/api/projects?size=1", parameters={masked}
2025-07-14 15:04:20 [http-nio-8080-exec-2] DEBUG o.s.w.s.m.m.a.RequestMappingHandlerMapping - Mapped to com.dmcdesigns.capstone.Controllers.ProjectController#getAllProjects()
2025-07-14 15:04:20 [http-nio-8080-exec-3] DEBUG o.s.web.servlet.DispatcherServlet - GET "/api/projects/status/IN_PROGRESS?size=1", parameters={masked}
2025-07-14 15:04:20 [http-nio-8080-exec-3] DEBUG o.s.w.s.m.m.a.RequestMappingHandlerMapping - Mapped to com.dmcdesigns.capstone.Controllers.ProjectController#getProjectsByStatus(String)
2025-07-14 15:04:20 [http-nio-8080-exec-2] DEBUG o.s.w.s.m.m.a.HttpEntityMethodProcessor - Using 'application/json', given [application/json, text/plain, */*] and supported [application/json, application/*+json]
2025-07-14 15:04:20 [http-nio-8080-exec-2] DEBUG o.s.w.s.m.m.a.HttpEntityMethodProcessor - Writing [[Project{id=1, name='Customer Portal Redesign', status='ACTIVE', department='ENGINEERING', progressP (truncated)...]
2025-07-14 15:04:20 [http-nio-8080-exec-3] DEBUG o.s.w.s.m.m.a.HttpEntityMethodProcessor - Using 'application/json', given [application/json, text/plain, */*] and supported [application/json, application/*+json]
2025-07-14 15:04:20 [http-nio-8080-exec-2] DEBUG o.s.web.servlet.DispatcherServlet - Completed 200 OK
2025-07-14 15:04:20 [http-nio-8080-exec-3] DEBUG o.s.w.s.m.m.a.HttpEntityMethodProcessor - Writing [[]]
2025-07-14 15:04:20 [http-nio-8080-exec-3] DEBUG o.s.web.servlet.DispatcherServlet - Completed 200 OK
2025-07-14 15:04:20 [http-nio-8080-exec-6] DEBUG o.s.web.servlet.DispatcherServlet - GET "/api/projects/status/IN_PROGRESS?size=1", parameters={masked}
2025-07-14 15:04:20 [http-nio-8080-exec-4] DEBUG o.s.web.servlet.DispatcherServlet - GET "/api/projects/status/COMPLETED?size=1", parameters={masked}
2025-07-14 15:04:20 [http-nio-8080-exec-6] DEBUG o.s.w.s.m.m.a.RequestMappingHandlerMapping - Mapped to com.dmcdesigns.capstone.Controllers.ProjectController#getProjectsByStatus(String)
2025-07-14 15:04:20 [http-nio-8080-exec-4] DEBUG o.s.w.s.m.m.a.RequestMappingHandlerMapping - Mapped to com.dmcdesigns.capstone.Controllers.ProjectController#getProjectsByStatus(String)
2025-07-14 15:04:20 [http-nio-8080-exec-6] DEBUG o.s.w.s.m.m.a.HttpEntityMethodProcessor - Using 'application/json', given [application/json, text/plain, */*] and supported [application/json, application/*+json]
2025-07-14 15:04:20 [http-nio-8080-exec-4] DEBUG o.s.w.s.m.m.a.HttpEntityMethodProcessor - Using 'application/json', given [application/json, text/plain, */*] and supported [application/json, application/*+json]
2025-07-14 15:04:20 [http-nio-8080-exec-6] DEBUG o.s.w.s.m.m.a.HttpEntityMethodProcessor - Writing [[]]
2025-07-14 15:04:20 [http-nio-8080-exec-4] DEBUG o.s.w.s.m.m.a.HttpEntityMethodProcessor - Writing [[Project{id=3, name='Data Migration', status='COMPLETED', department='IT', progressPercentage=100}]]
2025-07-14 15:04:20 [http-nio-8080-exec-6] DEBUG o.s.web.servlet.DispatcherServlet - Completed 200 OK
2025-07-14 15:04:20 [http-nio-8080-exec-4] DEBUG o.s.web.servlet.DispatcherServlet - Completed 200 OK
2025-07-14 15:04:20 [http-nio-8080-exec-5] DEBUG o.s.web.servlet.DispatcherServlet - GET "/api/projects/status/COMPLETED?size=1", parameters={masked}
2025-07-14 15:04:20 [http-nio-8080-exec-8] DEBUG o.s.web.servlet.DispatcherServlet - GET "/api/employees?size=1000", parameters={masked}
2025-07-14 15:04:20 [http-nio-8080-exec-5] DEBUG o.s.w.s.m.m.a.RequestMappingHandlerMapping - Mapped to com.dmcdesigns.capstone.Controllers.ProjectController#getProjectsByStatus(String)
2025-07-14 15:04:20 [http-nio-8080-exec-8] DEBUG o.s.w.s.m.m.a.RequestMappingHandlerMapping - Mapped to com.dmcdesigns.capstone.Controllers.EmployeeController#getAllEmployees()
2025-07-14 15:04:20 [http-nio-8080-exec-8] DEBUG o.s.w.s.m.m.a.HttpEntityMethodProcessor - Using 'application/json', given [application/json, text/plain, */*] and supported [application/json, application/*+json]
2025-07-14 15:04:20 [http-nio-8080-exec-5] DEBUG o.s.w.s.m.m.a.HttpEntityMethodProcessor - Using 'application/json', given [application/json, text/plain, */*] and supported [application/json, application/*+json]
2025-07-14 15:04:20 [http-nio-8080-exec-8] DEBUG o.s.w.s.m.m.a.HttpEntityMethodProcessor - Writing [[Admin{role='Admin', hasAccess=true}, Manager{role='Manager', hasAccess=true, department='ENGINEERIN (truncated)...]
2025-07-14 15:04:20 [http-nio-8080-exec-5] DEBUG o.s.w.s.m.m.a.HttpEntityMethodProcessor - Writing [[Project{id=3, name='Data Migration', status='COMPLETED', department='IT', progressPercentage=100}]]
2025-07-14 15:04:20 [http-nio-8080-exec-8] DEBUG o.s.web.servlet.DispatcherServlet - Completed 200 OK
2025-07-14 15:04:20 [http-nio-8080-exec-5] DEBUG o.s.web.servlet.DispatcherServlet - Completed 200 OK
2025-07-14 15:04:20 [http-nio-8080-exec-7] DEBUG o.s.web.servlet.DispatcherServlet - GET "/api/employees?size=1000", parameters={masked}
2025-07-14 15:04:20 [http-nio-8080-exec-7] DEBUG o.s.w.s.m.m.a.RequestMappingHandlerMapping - Mapped to com.dmcdesigns.capstone.Controllers.EmployeeController#getAllEmployees()
2025-07-14 15:04:20 [http-nio-8080-exec-7] DEBUG o.s.w.s.m.m.a.HttpEntityMethodProcessor - Using 'application/json', given [application/json, text/plain, */*] and supported [application/json, application/*+json]
2025-07-14 15:04:20 [http-nio-8080-exec-7] DEBUG o.s.w.s.m.m.a.HttpEntityMethodProcessor - Writing [[Admin{role='Admin', hasAccess=true}, Manager{role='Manager', hasAccess=true, department='ENGINEERIN (truncated)...]
2025-07-14 15:04:20 [http-nio-8080-exec-7] DEBUG o.s.web.servlet.DispatcherServlet - Completed 200 OK
2025-07-14 15:04:41 [http-nio-8080-exec-10] DEBUG o.s.web.servlet.DispatcherServlet - GET "/api/employees?page=0&size=10", parameters={masked}
2025-07-14 15:04:41 [http-nio-8080-exec-10] DEBUG o.s.w.s.m.m.a.RequestMappingHandlerMapping - Mapped to com.dmcdesigns.capstone.Controllers.EmployeeController#getAllEmployees()
2025-07-14 15:04:41 [http-nio-8080-exec-10] DEBUG o.s.w.s.m.m.a.HttpEntityMethodProcessor - Using 'application/json', given [application/json, text/plain, */*] and supported [application/json, application/*+json]
2025-07-14 15:04:41 [http-nio-8080-exec-10] DEBUG o.s.w.s.m.m.a.HttpEntityMethodProcessor - Writing [[Admin{role='Admin', hasAccess=true}, Manager{role='Manager', hasAccess=true, department='ENGINEERIN (truncated)...]
2025-07-14 15:04:41 [http-nio-8080-exec-10] DEBUG o.s.web.servlet.DispatcherServlet - Completed 200 OK
2025-07-14 15:04:41 [http-nio-8080-exec-2] DEBUG o.s.web.servlet.DispatcherServlet - GET "/api/employees?page=0&size=10", parameters={masked}
2025-07-14 15:04:41 [http-nio-8080-exec-2] DEBUG o.s.w.s.m.m.a.RequestMappingHandlerMapping - Mapped to com.dmcdesigns.capstone.Controllers.EmployeeController#getAllEmployees()
2025-07-14 15:04:41 [http-nio-8080-exec-2] DEBUG o.s.w.s.m.m.a.HttpEntityMethodProcessor - Using 'application/json', given [application/json, text/plain, */*] and supported [application/json, application/*+json]
2025-07-14 15:04:41 [http-nio-8080-exec-2] DEBUG o.s.w.s.m.m.a.HttpEntityMethodProcessor - Writing [[Admin{role='Admin', hasAccess=true}, Manager{role='Manager', hasAccess=true, department='ENGINEERIN (truncated)...]
2025-07-14 15:04:41 [http-nio-8080-exec-2] DEBUG o.s.web.servlet.DispatcherServlet - Completed 200 OK
2025-07-14 15:04:59 [http-nio-8080-exec-3] DEBUG o.s.web.servlet.DispatcherServlet - GET "/api/employees/department/ENGINEERING?page=0&size=10&department=ENGINEERING", parameters={masked}
2025-07-14 15:04:59 [http-nio-8080-exec-3] DEBUG o.s.w.s.m.m.a.RequestMappingHandlerMapping - Mapped to com.dmcdesigns.capstone.Controllers.EmployeeController#getEmployeesByDepartment(String)
2025-07-14 15:04:59 [http-nio-8080-exec-3] DEBUG o.s.w.s.m.m.a.HttpEntityMethodProcessor - Using 'application/json', given [application/json, text/plain, */*] and supported [application/json, application/*+json]
2025-07-14 15:04:59 [http-nio-8080-exec-3] DEBUG o.s.w.s.m.m.a.HttpEntityMethodProcessor - Writing [[Manager{role='Manager', hasAccess=true, department='ENGINEERING'}, Employee{role='Employee', hasAcc (truncated)...]
2025-07-14 15:05:00 [http-nio-8080-exec-3] DEBUG o.s.web.servlet.DispatcherServlet - Completed 200 OK
2025-07-14 15:05:04 [http-nio-8080-exec-6] DEBUG o.s.web.servlet.DispatcherServlet - GET "/api/search/employees?searchTerm=john&page=0&size=10&search=john&department=ENGINEERING", parameters={masked}
2025-07-14 15:05:04 [http-nio-8080-exec-6] DEBUG o.s.w.s.m.m.a.RequestMappingHandlerMapping - Mapped to com.dmcdesigns.capstone.Controllers.SearchController#searchEmployees(String, String, int, int, String, String)
2025-07-14 15:05:04 [http-nio-8080-exec-6] WARN  o.s.d.w.c.SpringDataJacksonConfiguration$PageModule$WarningLoggingModifier - Serializing PageImpl instances as-is is not supported, meaning that there is no guarantee about the stability of the resulting JSON structure!
	For a stable JSON structure, please use Spring Data's PagedModel (globally via @EnableSpringDataWebSupport(pageSerializationMode = VIA_DTO))
	or Spring HATEOAS and Spring Data's PagedResourcesAssembler as documented in https://docs.spring.io/spring-data/commons/reference/repositories/core-extensions.html#core.web.pageables.

2025-07-14 15:05:04 [http-nio-8080-exec-6] DEBUG o.s.w.s.m.m.a.HttpEntityMethodProcessor - Using 'application/json', given [application/json, text/plain, */*] and supported [application/json, application/*+json]
2025-07-14 15:05:04 [http-nio-8080-exec-6] DEBUG o.s.w.s.m.m.a.HttpEntityMethodProcessor - Writing [Page 1 of 1 containing com.dmcdesigns.capstone.Entities.Employee instances]
2025-07-14 15:05:04 [http-nio-8080-exec-6] DEBUG o.s.web.servlet.DispatcherServlet - Completed 200 OK
2025-07-14 15:05:08 [http-nio-8080-exec-5] DEBUG o.s.web.servlet.DispatcherServlet - GET "/api/projects?page=0&size=10", parameters={masked}
2025-07-14 15:05:08 [http-nio-8080-exec-5] DEBUG o.s.w.s.m.m.a.RequestMappingHandlerMapping - Mapped to com.dmcdesigns.capstone.Controllers.ProjectController#getAllProjects()
2025-07-14 15:05:08 [http-nio-8080-exec-5] DEBUG o.s.w.s.m.m.a.HttpEntityMethodProcessor - Using 'application/json', given [application/json, text/plain, */*] and supported [application/json, application/*+json]
2025-07-14 15:05:08 [http-nio-8080-exec-5] DEBUG o.s.w.s.m.m.a.HttpEntityMethodProcessor - Writing [[Project{id=1, name='Customer Portal Redesign', status='ACTIVE', department='ENGINEERING', progressP (truncated)...]
2025-07-14 15:05:08 [http-nio-8080-exec-5] DEBUG o.s.web.servlet.DispatcherServlet - Completed 200 OK
2025-07-14 15:05:08 [http-nio-8080-exec-7] DEBUG o.s.web.servlet.DispatcherServlet - GET "/api/projects?page=0&size=10", parameters={masked}
2025-07-14 15:05:08 [http-nio-8080-exec-7] DEBUG o.s.w.s.m.m.a.RequestMappingHandlerMapping - Mapped to com.dmcdesigns.capstone.Controllers.ProjectController#getAllProjects()
2025-07-14 15:05:08 [http-nio-8080-exec-7] DEBUG o.s.w.s.m.m.a.HttpEntityMethodProcessor - Using 'application/json', given [application/json, text/plain, */*] and supported [application/json, application/*+json]
2025-07-14 15:05:08 [http-nio-8080-exec-7] DEBUG o.s.w.s.m.m.a.HttpEntityMethodProcessor - Writing [[Project{id=1, name='Customer Portal Redesign', status='ACTIVE', department='ENGINEERING', progressP (truncated)...]
2025-07-14 15:05:08 [http-nio-8080-exec-7] DEBUG o.s.web.servlet.DispatcherServlet - Completed 200 OK
2025-07-14 15:05:13 [http-nio-8080-exec-9] DEBUG o.s.web.servlet.DispatcherServlet - GET "/api/employees/department/ENGINEERING?size=1", parameters={masked}
2025-07-14 15:05:13 [http-nio-8080-exec-1] DEBUG o.s.web.servlet.DispatcherServlet - GET "/api/employees/department/MARKETING?size=1", parameters={masked}
2025-07-14 15:05:13 [http-nio-8080-exec-9] DEBUG o.s.w.s.m.m.a.RequestMappingHandlerMapping - Mapped to com.dmcdesigns.capstone.Controllers.EmployeeController#getEmployeesByDepartment(String)
2025-07-14 15:05:13 [http-nio-8080-exec-1] DEBUG o.s.w.s.m.m.a.RequestMappingHandlerMapping - Mapped to com.dmcdesigns.capstone.Controllers.EmployeeController#getEmployeesByDepartment(String)
2025-07-14 15:05:13 [http-nio-8080-exec-10] DEBUG o.s.web.servlet.DispatcherServlet - GET "/api/employees/department/HR?size=1", parameters={masked}
2025-07-14 15:05:13 [http-nio-8080-exec-2] DEBUG o.s.web.servlet.DispatcherServlet - GET "/api/employees/department/SALES?size=1", parameters={masked}
2025-07-14 15:05:13 [http-nio-8080-exec-10] DEBUG o.s.w.s.m.m.a.RequestMappingHandlerMapping - Mapped to com.dmcdesigns.capstone.Controllers.EmployeeController#getEmployeesByDepartment(String)
2025-07-14 15:05:13 [http-nio-8080-exec-9] DEBUG o.s.w.s.m.m.a.HttpEntityMethodProcessor - Using 'application/json', given [application/json, text/plain, */*] and supported [application/json, application/*+json]
2025-07-14 15:05:13 [http-nio-8080-exec-2] DEBUG o.s.w.s.m.m.a.RequestMappingHandlerMapping - Mapped to com.dmcdesigns.capstone.Controllers.EmployeeController#getEmployeesByDepartment(String)
2025-07-14 15:05:13 [http-nio-8080-exec-1] DEBUG o.s.w.s.m.m.a.HttpEntityMethodProcessor - Using 'application/json', given [application/json, text/plain, */*] and supported [application/json, application/*+json]
2025-07-14 15:05:13 [http-nio-8080-exec-3] DEBUG o.s.web.servlet.DispatcherServlet - GET "/api/employees/department/FINANCE?size=1", parameters={masked}
2025-07-14 15:05:13 [http-nio-8080-exec-6] DEBUG o.s.web.servlet.DispatcherServlet - GET "/api/employees/department/OPERATIONS?size=1", parameters={masked}
2025-07-14 15:05:13 [http-nio-8080-exec-9] DEBUG o.s.w.s.m.m.a.HttpEntityMethodProcessor - Writing [[Manager{role='Manager', hasAccess=true, department='ENGINEERING'}, Employee{role='Employee', hasAcc (truncated)...]
2025-07-14 15:05:13 [http-nio-8080-exec-10] DEBUG o.s.w.s.m.m.a.HttpEntityMethodProcessor - Using 'application/json', given [application/json, text/plain, */*] and supported [application/json, application/*+json]
2025-07-14 15:05:13 [http-nio-8080-exec-1] DEBUG o.s.w.s.m.m.a.HttpEntityMethodProcessor - Writing [[Employee{role='Employee', hasAccess=false, department='MARKETING'}, Employee{role='Marketing Coordi (truncated)...]
2025-07-14 15:05:13 [http-nio-8080-exec-2] DEBUG o.s.w.s.m.m.a.HttpEntityMethodProcessor - Using 'application/json', given [application/json, text/plain, */*] and supported [application/json, application/*+json]
2025-07-14 15:05:13 [http-nio-8080-exec-3] DEBUG o.s.w.s.m.m.a.RequestMappingHandlerMapping - Mapped to com.dmcdesigns.capstone.Controllers.EmployeeController#getEmployeesByDepartment(String)
2025-07-14 15:05:13 [http-nio-8080-exec-6] DEBUG o.s.w.s.m.m.a.RequestMappingHandlerMapping - Mapped to com.dmcdesigns.capstone.Controllers.EmployeeController#getEmployeesByDepartment(String)
2025-07-14 15:05:13 [http-nio-8080-exec-10] DEBUG o.s.w.s.m.m.a.HttpEntityMethodProcessor - Writing [[Admin{role='Admin', hasAccess=true}, Employee{role='HR Generalist', hasAccess=false, department='HR (truncated)...]
2025-07-14 15:05:13 [http-nio-8080-exec-9] DEBUG o.s.web.servlet.DispatcherServlet - Completed 200 OK
2025-07-14 15:05:13 [http-nio-8080-exec-1] DEBUG o.s.web.servlet.DispatcherServlet - Completed 200 OK
2025-07-14 15:05:13 [http-nio-8080-exec-2] DEBUG o.s.w.s.m.m.a.HttpEntityMethodProcessor - Writing [[Manager{role='Manager', hasAccess=true, department='SALES'}, Employee{role='Sales Representative',  (truncated)...]
2025-07-14 15:05:13 [http-nio-8080-exec-10] DEBUG o.s.web.servlet.DispatcherServlet - Completed 200 OK
2025-07-14 15:05:13 [http-nio-8080-exec-3] DEBUG o.s.w.s.m.m.a.HttpEntityMethodProcessor - Using 'application/json', given [application/json, text/plain, */*] and supported [application/json, application/*+json]
2025-07-14 15:05:13 [http-nio-8080-exec-6] DEBUG o.s.w.s.m.m.a.HttpEntityMethodProcessor - Using 'application/json', given [application/json, text/plain, */*] and supported [application/json, application/*+json]
2025-07-14 15:05:13 [http-nio-8080-exec-2] DEBUG o.s.web.servlet.DispatcherServlet - Completed 200 OK
2025-07-14 15:05:13 [http-nio-8080-exec-3] DEBUG o.s.w.s.m.m.a.HttpEntityMethodProcessor - Writing [[Employee{role='Financial Analyst', hasAccess=false, department='FINANCE'}]]
2025-07-14 15:05:13 [http-nio-8080-exec-6] DEBUG o.s.w.s.m.m.a.HttpEntityMethodProcessor - Writing [[]]
2025-07-14 15:05:13 [http-nio-8080-exec-3] DEBUG o.s.web.servlet.DispatcherServlet - Completed 200 OK
2025-07-14 15:05:13 [http-nio-8080-exec-10] DEBUG o.s.web.servlet.DispatcherServlet - GET "/api/employees/department/MARKETING?size=1", parameters={masked}
2025-07-14 15:05:13 [http-nio-8080-exec-6] DEBUG o.s.web.servlet.DispatcherServlet - Completed 200 OK
2025-07-14 15:05:13 [http-nio-8080-exec-10] DEBUG o.s.w.s.m.m.a.RequestMappingHandlerMapping - Mapped to com.dmcdesigns.capstone.Controllers.EmployeeController#getEmployeesByDepartment(String)
2025-07-14 15:05:13 [http-nio-8080-exec-4] DEBUG o.s.web.servlet.DispatcherServlet - GET "/api/employees/department/ENGINEERING?size=1", parameters={masked}
2025-07-14 15:05:13 [http-nio-8080-exec-4] DEBUG o.s.w.s.m.m.a.RequestMappingHandlerMapping - Mapped to com.dmcdesigns.capstone.Controllers.EmployeeController#getEmployeesByDepartment(String)
2025-07-14 15:05:13 [http-nio-8080-exec-7] DEBUG o.s.web.servlet.DispatcherServlet - GET "/api/employees/department/SALES?size=1", parameters={masked}
2025-07-14 15:05:13 [http-nio-8080-exec-5] DEBUG o.s.web.servlet.DispatcherServlet - GET "/api/employees/department/HR?size=1", parameters={masked}
2025-07-14 15:05:13 [http-nio-8080-exec-10] DEBUG o.s.w.s.m.m.a.HttpEntityMethodProcessor - Using 'application/json', given [application/json, text/plain, */*] and supported [application/json, application/*+json]
2025-07-14 15:05:13 [http-nio-8080-exec-7] DEBUG o.s.w.s.m.m.a.RequestMappingHandlerMapping - Mapped to com.dmcdesigns.capstone.Controllers.EmployeeController#getEmployeesByDepartment(String)
2025-07-14 15:05:13 [http-nio-8080-exec-9] DEBUG o.s.web.servlet.DispatcherServlet - GET "/api/employees/department/FINANCE?size=1", parameters={masked}
2025-07-14 15:05:13 [http-nio-8080-exec-10] DEBUG o.s.w.s.m.m.a.HttpEntityMethodProcessor - Writing [[Employee{role='Employee', hasAccess=false, department='MARKETING'}, Employee{role='Marketing Coordi (truncated)...]
2025-07-14 15:05:13 [http-nio-8080-exec-5] DEBUG o.s.w.s.m.m.a.RequestMappingHandlerMapping - Mapped to com.dmcdesigns.capstone.Controllers.EmployeeController#getEmployeesByDepartment(String)
2025-07-14 15:05:13 [http-nio-8080-exec-4] DEBUG o.s.w.s.m.m.a.HttpEntityMethodProcessor - Using 'application/json', given [application/json, text/plain, */*] and supported [application/json, application/*+json]
2025-07-14 15:05:13 [http-nio-8080-exec-1] DEBUG o.s.web.servlet.DispatcherServlet - GET "/api/employees/department/OPERATIONS?size=1", parameters={masked}
2025-07-14 15:05:13 [http-nio-8080-exec-9] DEBUG o.s.w.s.m.m.a.RequestMappingHandlerMapping - Mapped to com.dmcdesigns.capstone.Controllers.EmployeeController#getEmployeesByDepartment(String)
2025-07-14 15:05:13 [http-nio-8080-exec-1] DEBUG o.s.w.s.m.m.a.RequestMappingHandlerMapping - Mapped to com.dmcdesigns.capstone.Controllers.EmployeeController#getEmployeesByDepartment(String)
2025-07-14 15:05:13 [http-nio-8080-exec-7] DEBUG o.s.w.s.m.m.a.HttpEntityMethodProcessor - Using 'application/json', given [application/json, text/plain, */*] and supported [application/json, application/*+json]
2025-07-14 15:05:13 [http-nio-8080-exec-4] DEBUG o.s.w.s.m.m.a.HttpEntityMethodProcessor - Writing [[Manager{role='Manager', hasAccess=true, department='ENGINEERING'}, Employee{role='Employee', hasAcc (truncated)...]
2025-07-14 15:05:13 [http-nio-8080-exec-1] DEBUG o.s.w.s.m.m.a.HttpEntityMethodProcessor - Using 'application/json', given [application/json, text/plain, */*] and supported [application/json, application/*+json]
2025-07-14 15:05:13 [http-nio-8080-exec-4] DEBUG o.s.web.servlet.DispatcherServlet - Completed 200 OK
2025-07-14 15:05:13 [http-nio-8080-exec-10] DEBUG o.s.web.servlet.DispatcherServlet - Completed 200 OK
2025-07-14 15:05:13 [http-nio-8080-exec-5] DEBUG o.s.w.s.m.m.a.HttpEntityMethodProcessor - Using 'application/json', given [application/json, text/plain, */*] and supported [application/json, application/*+json]
2025-07-14 15:05:13 [http-nio-8080-exec-7] DEBUG o.s.w.s.m.m.a.HttpEntityMethodProcessor - Writing [[Manager{role='Manager', hasAccess=true, department='SALES'}, Employee{role='Sales Representative',  (truncated)...]
2025-07-14 15:05:13 [http-nio-8080-exec-9] DEBUG o.s.w.s.m.m.a.HttpEntityMethodProcessor - Using 'application/json', given [application/json, text/plain, */*] and supported [application/json, application/*+json]
2025-07-14 15:05:13 [http-nio-8080-exec-1] DEBUG o.s.w.s.m.m.a.HttpEntityMethodProcessor - Writing [[]]
2025-07-14 15:05:13 [http-nio-8080-exec-5] DEBUG o.s.w.s.m.m.a.HttpEntityMethodProcessor - Writing [[Admin{role='Admin', hasAccess=true}, Employee{role='HR Generalist', hasAccess=false, department='HR (truncated)...]
2025-07-14 15:05:13 [http-nio-8080-exec-1] DEBUG o.s.web.servlet.DispatcherServlet - Completed 200 OK
2025-07-14 15:05:13 [http-nio-8080-exec-9] DEBUG o.s.w.s.m.m.a.HttpEntityMethodProcessor - Writing [[Employee{role='Financial Analyst', hasAccess=false, department='FINANCE'}]]
2025-07-14 15:05:13 [http-nio-8080-exec-7] DEBUG o.s.web.servlet.DispatcherServlet - Completed 200 OK
2025-07-14 15:05:13 [http-nio-8080-exec-9] DEBUG o.s.web.servlet.DispatcherServlet - Completed 200 OK
2025-07-14 15:05:13 [http-nio-8080-exec-5] DEBUG o.s.web.servlet.DispatcherServlet - Completed 200 OK
2025-07-14 15:05:15 [http-nio-8080-exec-8] DEBUG o.s.web.servlet.DispatcherServlet - GET "/api/reports/saved", parameters={}
2025-07-14 15:05:15 [http-nio-8080-exec-8] DEBUG o.s.w.s.m.m.a.RequestMappingHandlerMapping - Mapped to com.dmcdesigns.capstone.Controllers.ReportController#getSavedReports()
2025-07-14 15:05:15 [http-nio-8080-exec-8] DEBUG o.s.w.s.m.m.a.HttpEntityMethodProcessor - Using 'application/json', given [application/json, text/plain, */*] and supported [application/json, application/*+json]
2025-07-14 15:05:15 [http-nio-8080-exec-8] DEBUG o.s.w.s.m.m.a.HttpEntityMethodProcessor - Writing [{}]
2025-07-14 15:05:15 [http-nio-8080-exec-8] DEBUG o.s.web.servlet.DispatcherServlet - Completed 200 OK
2025-07-14 15:05:15 [http-nio-8080-exec-2] DEBUG o.s.web.servlet.DispatcherServlet - GET "/api/reports/saved", parameters={}
2025-07-14 15:05:15 [http-nio-8080-exec-2] DEBUG o.s.w.s.m.m.a.RequestMappingHandlerMapping - Mapped to com.dmcdesigns.capstone.Controllers.ReportController#getSavedReports()
2025-07-14 15:05:15 [http-nio-8080-exec-2] DEBUG o.s.w.s.m.m.a.HttpEntityMethodProcessor - Using 'application/json', given [application/json, text/plain, */*] and supported [application/json, application/*+json]
2025-07-14 15:05:15 [http-nio-8080-exec-2] DEBUG o.s.w.s.m.m.a.HttpEntityMethodProcessor - Writing [{}]
2025-07-14 15:05:15 [http-nio-8080-exec-2] DEBUG o.s.web.servlet.DispatcherServlet - Completed 200 OK
